<?xml version="1.0" encoding="UTF-8"?>
<!-- Generated by org.testng.reporters.JUnitXMLReporter -->
<testsuite hostname="TRANTOR6" name="Search test" tests="2" failures="1" timestamp="22 Apr 2015 11:59:55 GMT" time="53.113" errors="0">
  <testcase name="loginTest" time="31.937" classname="com.functional.suite.LogInTest"/>
  <testcase name="SignUpTest" time="21.016" classname="com.functional.suite.SignUpTest">
    <failure type="org.openqa.selenium.WebDriverException" message="unknown error: Element is not clickable at point (320, 650). Other element would receive the click: &amp;lt;ul class=&amp;quot;footer-links&amp;quot;&amp;gt;...&amp;lt;/ul&amp;gt;
  (Session info: chrome=42.0.2311.90)
  (Driver info: chromedriver=2.15.322448 (52179c1b310fec1797c81ea9a20326839860b7d3),platform=Windows NT 6.1 SP1 x86) (WARNING: The server did not provide any stacktrace information)
Command duration or timeout: 28 milliseconds
Build info: version: &amp;apos;2.39.0&amp;apos;, revision: &amp;apos;ff23eac&amp;apos;, time: &amp;apos;2013-12-16 16:11:15&amp;apos;
System info: host: &amp;apos;TRANTOR6&amp;apos;, ip: &amp;apos;192.168.172.83&amp;apos;, os.name: &amp;apos;Windows 7&amp;apos;, os.arch: &amp;apos;x86&amp;apos;, os.version: &amp;apos;6.1&amp;apos;, java.version: &amp;apos;1.7.0_40-ea&amp;apos;
Session ID: a6bfc4230254eb67d11db67efb3df93c
Driver info: org.openqa.selenium.chrome.ChromeDriver
Capabilities [{platform=XP, acceptSslCerts=true, javascriptEnabled=true, browserName=chrome, chrome={userDataDir=C:\Windows\TEMP\scoped_dir2128_4239}, rotatable=false, locationContextEnabled=true, mobileEmulationEnabled=false, version=42.0.2311.90, takesHeapSnapshot=true, cssSelectorsEnabled=true, databaseEnabled=false, handlesAlerts=true, browserConnectionEnabled=false, nativeEvents=true, webStorageEnabled=true, applicationCacheEnabled=false, takesScreenshot=true}]">
      <![CDATA[org.openqa.selenium.WebDriverException: unknown error: Element is not clickable at point (320, 650). Other element would receive the click: <ul class="footer-links">...</ul>
  (Session info: chrome=42.0.2311.90)
  (Driver info: chromedriver=2.15.322448 (52179c1b310fec1797c81ea9a20326839860b7d3),platform=Windows NT 6.1 SP1 x86) (WARNING: The server did not provide any stacktrace information)
Command duration or timeout: 28 milliseconds
Build info: version: '2.39.0', revision: 'ff23eac', time: '2013-12-16 16:11:15'
System info: host: 'TRANTOR6', ip: '192.168.172.83', os.name: 'Windows 7', os.arch: 'x86', os.version: '6.1', java.version: '1.7.0_40-ea'
Session ID: a6bfc4230254eb67d11db67efb3df93c
Driver info: org.openqa.selenium.chrome.ChromeDriver
Capabilities [{platform=XP, acceptSslCerts=true, javascriptEnabled=true, browserName=chrome, chrome={userDataDir=C:\Windows\TEMP\scoped_dir2128_4239}, rotatable=false, locationContextEnabled=true, mobileEmulationEnabled=false, version=42.0.2311.90, takesHeapSnapshot=true, cssSelectorsEnabled=true, databaseEnabled=false, handlesAlerts=true, browserConnectionEnabled=false, nativeEvents=true, webStorageEnabled=true, applicationCacheEnabled=false, takesScreenshot=true}]
	at org.openqa.selenium.remote.ErrorHandler.createThrowable(ErrorHandler.java:193)
	at org.openqa.selenium.remote.ErrorHandler.throwIfResponseFailed(ErrorHandler.java:145)
	at org.openqa.selenium.remote.RemoteWebDriver.execute(RemoteWebDriver.java:554)
	at org.openqa.selenium.remote.RemoteWebElement.execute(RemoteWebElement.java:268)
	at org.openqa.selenium.remote.RemoteWebElement.click(RemoteWebElement.java:79)
	at com.plumlytics.utils.GlobalMethods.signUp(Unknown Source)
	at com.functional.suite.SignUpTest.SignUpTest(Unknown Source)
... Removed 27 stack frames]]>
    </failure>
  </testcase> <!-- SignUpTest -->
</testsuite> <!-- Search test -->
